<?xml version="1.0" encoding="UTF-8"?>
<testsuite name="LearningProgressTrackerTest" tests="1" skipped="0" failures="1" errors="0" timestamp="2023-11-26T09:47:38" hostname="macbook-pro-uzivatela-cuninka.home" time="0.889">
  <properties/>
  <testcase name="start" classname="LearningProgressTrackerTest" time="0.889">
    <failure message="java.lang.AssertionError: Wrong answer in test #25&#10;&#10;Expected the header &quot;Students:&quot; but your first line was: 10000&#10;&#10;Please find below the output of your program during this failed test.&#10;Note that the '&gt;' character indicates the beginning of the input line.&#10;&#10;---&#10;&#10;Learning Progress Tracker &gt; &gt; add students&#10;Enter student credentials or 'back' to return:&#10;&gt; Charlena Girardo address1@mail.com&#10;The student has been added.&#10;&gt; Toby Bleier address2@mail.com&#10;The student has been added.&#10;&gt; Trixie Winer address3@mail.com&#10;The student has been added.&#10;&gt; Natka Herculie address4@mail.com&#10;The student has been added.&#10;&gt; Van Fawnia address5@mail.com&#10;The student has been added.&#10;&gt; Nonna Miko address6@mail.com&#10;The student has been added.&#10;&gt; Brandise Hardan address7@mail.com&#10;The student has been added.&#10;&gt; Dalia Gleeson address8@mail.com&#10;The student has been added.&#10;&gt; Anjanette Uis address9@mail.com&#10;The student has been added.&#10;&gt; Elysha Quinlan address10@mail.com&#10;The student has been added.&#10;&gt; Jermaine Naaman address11@mail.com&#10;The student has been added.&#10;&gt; Ricki Trovillion address12@mail.com&#10;The student has been added.&#10;&gt; back&#10;Total 12 students have been added.&#10;&gt; list&#10;10000&#10;&gt; 10001&#10;&gt; 10002&#10;&gt; 10003&#10;&gt; 10004&#10;&gt; 10005&#10;&gt; 10006&#10;&gt; 10007&#10;&gt; 10008&#10;&gt; 10009&#10;&gt; 10010&#10;&gt; 10011&#10;&gt;" type="java.lang.AssertionError">java.lang.AssertionError: Wrong answer in test #25

Expected the header &quot;Students:&quot; but your first line was: 10000

Please find below the output of your program during this failed test.
Note that the '&gt;' character indicates the beginning of the input line.

---

Learning Progress Tracker &gt; &gt; add students
Enter student credentials or 'back' to return:
&gt; Charlena Girardo address1@mail.com
The student has been added.
&gt; Toby Bleier address2@mail.com
The student has been added.
&gt; Trixie Winer address3@mail.com
The student has been added.
&gt; Natka Herculie address4@mail.com
The student has been added.
&gt; Van Fawnia address5@mail.com
The student has been added.
&gt; Nonna Miko address6@mail.com
The student has been added.
&gt; Brandise Hardan address7@mail.com
The student has been added.
&gt; Dalia Gleeson address8@mail.com
The student has been added.
&gt; Anjanette Uis address9@mail.com
The student has been added.
&gt; Elysha Quinlan address10@mail.com
The student has been added.
&gt; Jermaine Naaman address11@mail.com
The student has been added.
&gt; Ricki Trovillion address12@mail.com
The student has been added.
&gt; back
Total 12 students have been added.
&gt; list
10000
&gt; 10001
&gt; 10002
&gt; 10003
&gt; 10004
&gt; 10005
&gt; 10006
&gt; 10007
&gt; 10008
&gt; 10009
&gt; 10010
&gt; 10011
&gt;
	at org.junit.Assert.fail(Assert.java:89)
	at org.hyperskill.hstest.stage.StageTest.start(StageTest.java:203)
	at java.base/jdk.internal.reflect.NativeMethodAccessorImpl.invoke0(Native Method)
	at java.base/jdk.internal.reflect.NativeMethodAccessorImpl.invoke(NativeMethodAccessorImpl.java:77)
	at java.base/jdk.internal.reflect.DelegatingMethodAccessorImpl.invoke(DelegatingMethodAccessorImpl.java:43)
	at java.base/java.lang.reflect.Method.invoke(Method.java:568)
	at org.junit.runners.model.FrameworkMethod$1.runReflectiveCall(FrameworkMethod.java:59)
	at org.junit.internal.runners.model.ReflectiveCallable.run(ReflectiveCallable.java:12)
	at org.junit.runners.model.FrameworkMethod.invokeExplosively(FrameworkMethod.java:56)
	at org.junit.internal.runners.statements.InvokeMethod.evaluate(InvokeMethod.java:17)
	at org.junit.runners.ParentRunner$3.evaluate(ParentRunner.java:306)
	at org.junit.runners.BlockJUnit4ClassRunner$1.evaluate(BlockJUnit4ClassRunner.java:100)
	at org.junit.runners.ParentRunner.runLeaf(ParentRunner.java:366)
	at org.junit.runners.BlockJUnit4ClassRunner.runChild(BlockJUnit4ClassRunner.java:103)
	at org.junit.runners.BlockJUnit4ClassRunner.runChild(BlockJUnit4ClassRunner.java:63)
	at org.junit.runners.ParentRunner$4.run(ParentRunner.java:331)
	at org.junit.runners.ParentRunner$1.schedule(ParentRunner.java:79)
	at org.junit.runners.ParentRunner.runChildren(ParentRunner.java:329)
	at org.junit.runners.ParentRunner.access$100(ParentRunner.java:66)
	at org.junit.runners.ParentRunner$2.evaluate(ParentRunner.java:293)
	at org.junit.runners.ParentRunner$3.evaluate(ParentRunner.java:306)
	at org.junit.runners.ParentRunner.run(ParentRunner.java:413)
	at org.junit.runner.JUnitCore.run(JUnitCore.java:137)
	at org.junit.runner.JUnitCore.run(JUnitCore.java:115)
	at org.junit.vintage.engine.execution.RunnerExecutor.execute(RunnerExecutor.java:43)
	at java.base/java.util.stream.ForEachOps$ForEachOp$OfRef.accept(ForEachOps.java:183)
	at java.base/java.util.stream.ReferencePipeline$3$1.accept(ReferencePipeline.java:197)
	at java.base/java.util.Iterator.forEachRemaining(Iterator.java:133)
	at java.base/java.util.Spliterators$IteratorSpliterator.forEachRemaining(Spliterators.java:1845)
	at java.base/java.util.stream.AbstractPipeline.copyInto(AbstractPipeline.java:509)
	at java.base/java.util.stream.AbstractPipeline.wrapAndCopyInto(AbstractPipeline.java:499)
	at java.base/java.util.stream.ForEachOps$ForEachOp.evaluateSequential(ForEachOps.java:150)
	at java.base/java.util.stream.ForEachOps$ForEachOp$OfRef.evaluateSequential(ForEachOps.java:173)
	at java.base/java.util.stream.AbstractPipeline.evaluate(AbstractPipeline.java:234)
	at java.base/java.util.stream.ReferencePipeline.forEach(ReferencePipeline.java:596)
	at org.junit.vintage.engine.VintageTestEngine.executeAllChildren(VintageTestEngine.java:82)
	at org.junit.vintage.engine.VintageTestEngine.execute(VintageTestEngine.java:73)
	at org.junit.platform.launcher.core.EngineExecutionOrchestrator.execute(EngineExecutionOrchestrator.java:108)
	at org.junit.platform.launcher.core.EngineExecutionOrchestrator.execute(EngineExecutionOrchestrator.java:88)
	at org.junit.platform.launcher.core.EngineExecutionOrchestrator.lambda$execute$0(EngineExecutionOrchestrator.java:54)
	at org.junit.platform.launcher.core.EngineExecutionOrchestrator.withInterceptedStreams(EngineExecutionOrchestrator.java:67)
	at org.junit.platform.launcher.core.EngineExecutionOrchestrator.execute(EngineExecutionOrchestrator.java:52)
	at org.junit.platform.launcher.core.DefaultLauncher.execute(DefaultLauncher.java:96)
	at org.junit.platform.launcher.core.DefaultLauncher.execute(DefaultLauncher.java:75)
	at org.gradle.api.internal.tasks.testing.junitplatform.JUnitPlatformTestClassProcessor$CollectAllTestClassesExecutor.processAllTestClasses(JUnitPlatformTestClassProcessor.java:99)
	at org.gradle.api.internal.tasks.testing.junitplatform.JUnitPlatformTestClassProcessor$CollectAllTestClassesExecutor.access$000(JUnitPlatformTestClassProcessor.java:79)
	at org.gradle.api.internal.tasks.testing.junitplatform.JUnitPlatformTestClassProcessor.stop(JUnitPlatformTestClassProcessor.java:75)
	at org.gradle.api.internal.tasks.testing.SuiteTestClassProcessor.stop(SuiteTestClassProcessor.java:61)
	at java.base/jdk.internal.reflect.NativeMethodAccessorImpl.invoke0(Native Method)
	at java.base/jdk.internal.reflect.NativeMethodAccessorImpl.invoke(NativeMethodAccessorImpl.java:77)
	at java.base/jdk.internal.reflect.DelegatingMethodAccessorImpl.invoke(DelegatingMethodAccessorImpl.java:43)
	at java.base/java.lang.reflect.Method.invoke(Method.java:568)
	at org.gradle.internal.dispatch.ReflectionDispatch.dispatch(ReflectionDispatch.java:36)
	at org.gradle.internal.dispatch.ReflectionDispatch.dispatch(ReflectionDispatch.java:24)
	at org.gradle.internal.dispatch.ContextClassLoaderDispatch.dispatch(ContextClassLoaderDispatch.java:33)
	at org.gradle.internal.dispatch.ProxyDispatchAdapter$DispatchingInvocationHandler.invoke(ProxyDispatchAdapter.java:94)
	at jdk.proxy1/jdk.proxy1.$Proxy2.stop(Unknown Source)
	at org.gradle.api.internal.tasks.testing.worker.TestWorker$3.run(TestWorker.java:193)
	at org.gradle.api.internal.tasks.testing.worker.TestWorker.executeAndMaintainThreadName(TestWorker.java:129)
	at org.gradle.api.internal.tasks.testing.worker.TestWorker.execute(TestWorker.java:100)
	at org.gradle.api.internal.tasks.testing.worker.TestWorker.execute(TestWorker.java:60)
	at org.gradle.process.internal.worker.child.ActionExecutionWorker.execute(ActionExecutionWorker.java:56)
	at org.gradle.process.internal.worker.child.SystemApplicationClassLoaderWorker.call(SystemApplicationClassLoaderWorker.java:133)
	at org.gradle.process.internal.worker.child.SystemApplicationClassLoaderWorker.call(SystemApplicationClassLoaderWorker.java:71)
	at worker.org.gradle.process.internal.worker.GradleWorkerMain.run(GradleWorkerMain.java:69)
	at worker.org.gradle.process.internal.worker.GradleWorkerMain.main(GradleWorkerMain.java:74)
</failure>
  </testcase>
  <system-out><![CDATA[?[1;31m
Start test 1?[0m
Learning Progress Tracker > > back
Enter 'exit' to exit the program.
> exit
Bye!
?[1;31m
Start test 2?[0m
Learning Progress Tracker > > 
No input.
?[1;31m
Start test 3?[0m
Learning Progress Tracker > >   
No input.
?[1;31m
Start test 4?[0m
Learning Progress Tracker > > 	
No input.
?[1;31m
Start test 5?[0m
Learning Progress Tracker > >  	
No input.
?[1;31m
Start test 6?[0m
Learning Progress Tracker > > abc
Unknown command.
?[1;31m
Start test 7?[0m
Learning Progress Tracker > > quit
Unknown command.
?[1;31m
Start test 8?[0m
Learning Progress Tracker > >   brexit 
Unknown command.
?[1;31m
Start test 9?[0m
Learning Progress Tracker > > exi  t
Unknown command.
?[1;31m
Start test 10?[0m
Learning Progress Tracker > > ?
Unknown command.
?[1;31m
Start test 11?[0m
Learning Progress Tracker > > break
Unknown command.
?[1;31m
Start test 12?[0m
Learning Progress Tracker > > -exit
Unknown command.
?[1;31m
Start test 13?[0m
Learning Progress Tracker > > Ctrl+C
Unknown command.
?[1;31m
Start test 14?[0m
Learning Progress Tracker > > exit please
Unknown command.
?[1;31m
Start test 15?[0m
Learning Progress Tracker > > :q
Unknown command.
?[1;31m
Start test 16?[0m
Learning Progress Tracker > > java
Unknown command.
?[1;31m
Start test 17?[0m
Learning Progress Tracker > > spring
Unknown command.
?[1;31m
Start test 18?[0m
Learning Progress Tracker > > dsa
Unknown command.
?[1;31m
Start test 19?[0m
Learning Progress Tracker > > databases
Unknown command.
?[1;31m
Start test 20?[0m
Learning Progress Tracker > > add students
Enter student credentials or 'back' to return:
> exit
Incorrect credentials.
> back
Total 0 students have been added.
> back
Enter 'exit' to exit the program.
> exit
Bye!
?[1;31m
Start test 21?[0m
Learning Progress Tracker > > add students
Enter student credentials or 'back' to return:
> John Smith jsmith@hotmail.com
The student has been added.
> Anny Doolittle anny.md@mail.edu
The student has been added.
> Jean-Claude O'Connor jcda123@google.net
The student has been added.
> Mary Emelianenko 125367at@zzz90.z9
The student has been added.
> Al Owen u15da125@a1s2f4f7.a1c2c5s4
The student has been added.
> Robert Jemison Van de Graaff robertvdgraaff@mit.edu
The student has been added.
> Ed Eden a1@a1.a1
The student has been added.
> na'me s-u ii@ii.ii
The student has been added.
> n'a me su aa-b'b ab@ab.ab
The student has been added.
> nA me 1@1.1
The student has been added.
> back
Total 10 students have been added.
?[1;31m
Start test 22?[0m
Learning Progress Tracker > > add students
Enter student credentials or 'back' to return:
> 
Incorrect credentials.
>  	
Incorrect credentials.
> name surname
Incorrect credentials.
> n surname email@email.xyz
Incorrect first name.
> 'name surname email@email.xyz
Incorrect first name.
> -name surname email@email.xyz
Incorrect first name.
> name- surname email@email.xyz
Incorrect first name.
> name' surname email@email.xyz
Incorrect first name.
> nam-'e surname email@email.xyz
Incorrect first name.
> na'-me surname email@email.xyz
Incorrect first name.
> na--me surname email@email.xyz
Incorrect first name.
> na''me surname email@email.xyz
Incorrect first name.
> námé surname email@email.xyz
Incorrect first name.
> name s email@email.xyz
Incorrect last name.
> name -surname email@email.xyz
Incorrect last name.
> name 'surname email@email.xyz
Incorrect last name.
> name surnam''e email@email.xyz
Incorrect last name.
> name surn--ame email@email.xyz
Incorrect last name.
> name s'-urname email@email.xyz
Incorrect last name.
> name su-'rname email@email.xyz
Incorrect last name.
> name surname- email@email.xyz
Incorrect last name.
> name surname' email@email.xyz
Incorrect last name.
> name surnámé email@email.xyz
Incorrect last name.
> name surname emailemail.xyz
Incorrect email.
> name surname email@emailxyz
Incorrect email.
> name surname email@e@mail.xyz
Incorrect email.
> back
Total 0 students have been added.
?[1;31m
Start test 23?[0m
Learning Progress Tracker > > add students
Enter student credentials or 'back' to return:
> back
Total 0 students have been added.
> list
No students found.
?[1;31m
Start test 24?[0m
Learning Progress Tracker > > add students
Enter student credentials or 'back' to return:
> Hedwig Wally address1@mail.com
The student has been added.
> Hedwig Wally address1@mail.com
This email is already taken.
> Charlena Girardo address2@mail.com
The student has been added.
> Charlena Girardo address2@mail.com
This email is already taken.
> Amye Uriisa address3@mail.com
The student has been added.
> Amye Uriisa address3@mail.com
This email is already taken.
> Leola Whelan address4@mail.com
The student has been added.
> Leola Whelan address4@mail.com
This email is already taken.
> Alexina Belcher address5@mail.com
The student has been added.
> Alexina Belcher address5@mail.com
This email is already taken.
> Elysha Quinlan address6@mail.com
The student has been added.
> Elysha Quinlan address6@mail.com
This email is already taken.
> Ricki Trovillion address7@mail.com
The student has been added.
> Ricki Trovillion address7@mail.com
This email is already taken.
> Gwenette Kironde address8@mail.com
The student has been added.
> Gwenette Kironde address8@mail.com
This email is already taken.
> Shoshana Utica address9@mail.com
The student has been added.
> Shoshana Utica address9@mail.com
This email is already taken.
> Brandise Hardan address10@mail.com
The student has been added.
> Brandise Hardan address10@mail.com
This email is already taken.
> Natka Herculie address11@mail.com
The student has been added.
> Natka Herculie address11@mail.com
This email is already taken.
> Roxi Hett address12@mail.com
The student has been added.
> Roxi Hett address12@mail.com
This email is already taken.
> back
Total 12 students have been added.
?[1;31m
Start test 25?[0m
Learning Progress Tracker > > add students
Enter student credentials or 'back' to return:
> Charlena Girardo address1@mail.com
The student has been added.
> Toby Bleier address2@mail.com
The student has been added.
> Trixie Winer address3@mail.com
The student has been added.
> Natka Herculie address4@mail.com
The student has been added.
> Van Fawnia address5@mail.com
The student has been added.
> Nonna Miko address6@mail.com
The student has been added.
> Brandise Hardan address7@mail.com
The student has been added.
> Dalia Gleeson address8@mail.com
The student has been added.
> Anjanette Uis address9@mail.com
The student has been added.
> Elysha Quinlan address10@mail.com
The student has been added.
> Jermaine Naaman address11@mail.com
The student has been added.
> Ricki Trovillion address12@mail.com
The student has been added.
> back
Total 12 students have been added.
> list
10000
> 10001
> 10002
> 10003
> 10004
> 10005
> 10006
> 10007
> 10008
> 10009
> 10010
> 10011
]]></system-out>
  <system-err><![CDATA[]]></system-err>
</testsuite>
